Will parse file: sample.gnused.sed
exp=0 line=1 cur=None end=None text=None ch='#'
----- Found command: '#'
exp=0 line=1 cur=None end=None text=None ch='n'
exp=0 line=2 cur=None end=None text=None ch='\n'
comment: 'n'
exp=0 line=2 cur=None end=None text=None ch='#'
----- Found command: '#'
exp=0 line=2 cur=None end=None text=None ch=' '
exp=0 line=2 cur=None end=None text=None ch='I'
exp=0 line=2 cur=None end=None text=None ch='M'
exp=0 line=2 cur=None end=None text=None ch='P'
exp=0 line=2 cur=None end=None text=None ch='O'
exp=0 line=2 cur=None end=None text=None ch='R'
exp=0 line=2 cur=None end=None text=None ch='T'
exp=0 line=2 cur=None end=None text=None ch='A'
exp=0 line=2 cur=None end=None text=None ch='N'
exp=0 line=2 cur=None end=None text=None ch='T'
exp=0 line=2 cur=None end=None text=None ch=':'
exp=0 line=2 cur=None end=None text=None ch=' '
exp=0 line=2 cur=None end=None text=None ch='T'
exp=0 line=2 cur=None end=None text=None ch='h'
exp=0 line=2 cur=None end=None text=None ch='i'
exp=0 line=2 cur=None end=None text=None ch='s'
exp=0 line=2 cur=None end=None text=None ch=' '
exp=0 line=2 cur=None end=None text=None ch='f'
exp=0 line=2 cur=None end=None text=None ch='i'
exp=0 line=2 cur=None end=None text=None ch='l'
exp=0 line=2 cur=None end=None text=None ch='e'
exp=0 line=2 cur=None end=None text=None ch=' '
exp=0 line=2 cur=None end=None text=None ch='h'
exp=0 line=2 cur=None end=None text=None ch='a'
exp=0 line=2 cur=None end=None text=None ch='s'
exp=0 line=2 cur=None end=None text=None ch=' '
exp=0 line=2 cur=None end=None text=None ch='s'
exp=0 line=2 cur=None end=None text=None ch='i'
exp=0 line=2 cur=None end=None text=None ch='g'
exp=0 line=2 cur=None end=None text=None ch='n'
exp=0 line=2 cur=None end=None text=None ch='i'
exp=0 line=2 cur=None end=None text=None ch='f'
exp=0 line=2 cur=None end=None text=None ch='i'
exp=0 line=2 cur=None end=None text=None ch='c'
exp=0 line=2 cur=None end=None text=None ch='a'
exp=0 line=2 cur=None end=None text=None ch='n'
exp=0 line=2 cur=None end=None text=None ch='t'
exp=0 line=2 cur=None end=None text=None ch=' '
exp=0 line=2 cur=None end=None text=None ch='t'
exp=0 line=2 cur=None end=None text=None ch='r'
exp=0 line=2 cur=None end=None text=None ch='a'
exp=0 line=2 cur=None end=None text=None ch='i'
exp=0 line=2 cur=None end=None text=None ch='l'
exp=0 line=2 cur=None end=None text=None ch='i'
exp=0 line=2 cur=None end=None text=None ch='n'
exp=0 line=2 cur=None end=None text=None ch='g'
exp=0 line=2 cur=None end=None text=None ch=' '
exp=0 line=2 cur=None end=None text=None ch='s'
exp=0 line=2 cur=None end=None text=None ch='p'
exp=0 line=2 cur=None end=None text=None ch='a'
exp=0 line=2 cur=None end=None text=None ch='c'
exp=0 line=2 cur=None end=None text=None ch='e'
exp=0 line=2 cur=None end=None text=None ch='s'
exp=0 line=2 cur=None end=None text=None ch=','
exp=0 line=2 cur=None end=None text=None ch=' '
exp=0 line=2 cur=None end=None text=None ch='d'
exp=0 line=2 cur=None end=None text=None ch='o'
exp=0 line=2 cur=None end=None text=None ch=' '
exp=0 line=2 cur=None end=None text=None ch='n'
exp=0 line=2 cur=None end=None text=None ch='o'
exp=0 line=2 cur=None end=None text=None ch='t'
exp=0 line=2 cur=None end=None text=None ch=' '
exp=0 line=2 cur=None end=None text=None ch='r'
exp=0 line=2 cur=None end=None text=None ch='e'
exp=0 line=2 cur=None end=None text=None ch='m'
exp=0 line=2 cur=None end=None text=None ch='o'
exp=0 line=2 cur=None end=None text=None ch='v'
exp=0 line=2 cur=None end=None text=None ch='e'
exp=0 line=2 cur=None end=None text=None ch=' '
exp=0 line=2 cur=None end=None text=None ch='t'
exp=0 line=2 cur=None end=None text=None ch='h'
exp=0 line=2 cur=None end=None text=None ch='e'
exp=0 line=2 cur=None end=None text=None ch='m'
exp=0 line=2 cur=None end=None text=None ch='!'
exp=0 line=3 cur=None end=None text=None ch='\n'
comment: ' IMPORTANT: This file has significant trailing spaces, do not remove them!'
exp=0 line=3 cur=None end=None text=None ch='5'
exp=0 line=3 cur=None end=None text=None ch='!'
exp=0 line=3 cur=None end=None text=None ch='savchar(!)'
exp=0 line=3 cur=None end=None text=None ch='!'
exp=0 line=3 cur=None end=None text=None ch='savchar(!)'
----- Found address 1: [type=3 number=5 step=0 regex=None]
exp=0 line=3 cur=None end=None text=None ch='!'
----- Found negation: !
exp=0 line=3 cur=None end=None text=None ch='H'
----- Found command: 'H'
exp=0 line=4 cur=None end=None text=None ch='\n'
exp=0 line=4 cur=None end=None text=None ch='1'
exp=0 line=4 cur=None end=None text=None ch=','
exp=0 line=4 cur=None end=None text=None ch='savchar(,)'
exp=0 line=4 cur=None end=None text=None ch=','
exp=0 line=4 cur=None end=None text=None ch='savchar(,)'
----- Found address 1: [type=3 number=1 step=0 regex=None]
exp=0 line=4 cur=None end=None text=None ch=','
exp=0 line=4 cur=None end=None text=None ch='5'
exp=0 line=4 cur=None end=None text=None ch='g'
exp=0 line=4 cur=None end=None text=None ch='savchar(g)'
exp=0 line=4 cur=None end=None text=None ch='g'
exp=0 line=4 cur=None end=None text=None ch='savchar(g)'
----- Found address 2: [type=3 number=5 step=0 regex=None]
exp=0 line=4 cur=None end=None text=None ch='g'
----- Found command: 'g'
exp=0 line=5 cur=None end=None text=None ch='\n'
exp=0 line=5 cur=None end=None text=None ch='/'
exp=0 line=5 cur=None end=None text=None ch='x'
exp=0 line=5 cur=None end=None text=None ch='x'
exp=0 line=5 cur=None end=None text=None ch='x'
exp=0 line=5 cur=None end=None text=None ch='/'
exp=0 line=5 cur=None end=None text=None ch='I'
exp=0 line=5 cur=None end=None text=None ch='G'
exp=0 line=5 cur=None end=None text=None ch='savchar(G)'
----- Found address 1: [type=2 number=0 step=0 regex=/xxx/I]
exp=0 line=5 cur=None end=None text=None ch='G'
----- Found command: 'G'
exp=0 line=6 cur=None end=None text=None ch='\n'
exp=0 line=6 cur=None end=None text=None ch='2'
exp=0 line=6 cur=None end=None text=None ch=','
exp=0 line=6 cur=None end=None text=None ch='savchar(,)'
exp=0 line=6 cur=None end=None text=None ch=','
exp=0 line=6 cur=None end=None text=None ch='savchar(,)'
----- Found address 1: [type=3 number=2 step=0 regex=None]
exp=0 line=6 cur=None end=None text=None ch=','
exp=0 line=6 cur=None end=None text=None ch='/'
exp=0 line=6 cur=None end=None text=None ch='x'
exp=0 line=6 cur=None end=None text=None ch='x'
exp=0 line=6 cur=None end=None text=None ch='x'
exp=0 line=6 cur=None end=None text=None ch='/'
exp=0 line=6 cur=None end=None text=None ch='x'
exp=0 line=6 cur=None end=None text=None ch='savchar(x)'
----- Found address 2: [type=2 number=0 step=0 regex=/xxx/]
exp=0 line=6 cur=None end=None text=None ch='x'
----- Found command: 'x'
exp=0 line=7 cur=None end=None text=None ch='\n'
exp=0 line=7 cur=None end=None text=None ch='\\'
exp=0 line=7 cur=None end=None text=None ch='|'
exp=0 line=7 cur=None end=None text=None ch='p'
exp=0 line=7 cur=None end=None text=None ch='i'
exp=0 line=7 cur=None end=None text=None ch='p'
exp=0 line=7 cur=None end=None text=None ch='e'
exp=0 line=7 cur=None end=None text=None ch='\\'
exp=0 line=7 cur=None end=None text=None ch='n'
exp=0 line=7 cur=None end=None text=None ch='\\'
exp=0 line=7 cur=None end=None text=None ch='|'
exp=0 line=7 cur=None end=None text=None ch='\\'
exp=0 line=7 cur=None end=None text=None ch='n'
exp=0 line=7 cur=None end=None text=None ch='|'
exp=0 line=7 cur=None end=None text=None ch=','
exp=0 line=7 cur=None end=None text=None ch='savchar(,)'
----- Found address 1: [type=2 number=0 step=0 regex=\|pipe\n\|\n|]
exp=0 line=7 cur=None end=None text=None ch=','
exp=0 line=7 cur=None end=None text=None ch='\\'
exp=0 line=7 cur=None end=None text=None ch=' '
exp=0 line=7 cur=None end=None text=None ch='s'
exp=0 line=7 cur=None end=None text=None ch='p'
exp=0 line=7 cur=None end=None text=None ch='a'
exp=0 line=7 cur=None end=None text=None ch='c'
exp=0 line=7 cur=None end=None text=None ch='e'
exp=0 line=7 cur=None end=None text=None ch=' '
exp=0 line=7 cur=None end=None text=None ch='x'
exp=0 line=7 cur=None end=None text=None ch='savchar(x)'
----- Found address 2: [type=2 number=0 step=0 regex=\ space ]
exp=0 line=7 cur=None end=None text=None ch='x'
----- Found command: 'x'
exp=0 line=8 cur=None end=None text=None ch='\n'
exp=0 line=8 cur=None end=None text=None ch='$'
----- Found address 1: [type=7 number=0 step=0 regex=None]
exp=0 line=8 cur=None end=None text=None ch='h'
----- Found command: 'h'
exp=0 line=9 cur=None end=None text=None ch='\n'
exp=0 line=10 cur=None end=None text=None ch='\n'
----- Found command: '\n'
exp=0 line=10 cur=None end=None text=None ch='1'
exp=0 line=10 cur=None end=None text=None ch=','
exp=0 line=10 cur=None end=None text=None ch='savchar(,)'
exp=0 line=10 cur=None end=None text=None ch=','
exp=0 line=10 cur=None end=None text=None ch='savchar(,)'
----- Found address 1: [type=3 number=1 step=0 regex=None]
exp=0 line=10 cur=None end=None text=None ch=','
exp=0 line=10 cur=None end=None text=None ch='$'
----- Found address 2: [type=7 number=0 step=0 regex=None]
exp=0 line=10 cur=None end=None text=None ch=' '
exp=0 line=10 cur=None end=None text=None ch='{'
----- Found command: '{'
exp=0 line=11 cur=None end=None text=None ch='\n'
exp=0 line=11 cur=None end=None text=None ch=' '
exp=0 line=11 cur=None end=None text=None ch=' '
exp=0 line=11 cur=None end=None text=None ch='/'
exp=0 line=11 cur=None end=None text=None ch='/'
exp=0 line=11 cur=None end=None text=None ch=' '
exp=0 line=11 cur=None end=None text=None ch='{'
exp=0 line=11 cur=None end=None text=None ch='savchar({)'
----- Found address 1: [type=2 number=0 step=0 regex=//]
exp=0 line=11 cur=None end=None text=None ch='{'
----- Found command: '{'
exp=0 line=12 cur=None end=None text=None ch='\n'
exp=0 line=12 cur=None end=None text=None ch=' '
exp=0 line=12 cur=None end=None text=None ch=' '
exp=0 line=12 cur=None end=None text=None ch=' '
exp=0 line=12 cur=None end=None text=None ch=' '
exp=0 line=12 cur=None end=None text=None ch='x'
----- Found command: 'x'
exp=0 line=13 cur=None end=None text=None ch='\n'
exp=0 line=13 cur=None end=None text=None ch=' '
exp=0 line=13 cur=None end=None text=None ch=' '
exp=0 line=13 cur=None end=None text=None ch=' '
exp=0 line=13 cur=None end=None text=None ch=' '
exp=0 line=13 cur=None end=None text=None ch='$'
----- Found address 1: [type=7 number=0 step=0 regex=None]
exp=0 line=13 cur=None end=None text=None ch='!'
----- Found negation: !
exp=0 line=13 cur=None end=None text=None ch='{'
----- Found command: '{'
exp=0 line=14 cur=None end=None text=None ch='\n'
exp=0 line=14 cur=None end=None text=None ch=' '
exp=0 line=14 cur=None end=None text=None ch=' '
exp=0 line=14 cur=None end=None text=None ch=' '
exp=0 line=14 cur=None end=None text=None ch=' '
exp=0 line=14 cur=None end=None text=None ch=' '
exp=0 line=14 cur=None end=None text=None ch=' '
exp=0 line=14 cur=None end=None text=None ch='d'
----- Found command: 'd'
exp=0 line=15 cur=None end=None text=None ch='\n'
exp=0 line=15 cur=None end=None text=None ch=' '
exp=0 line=15 cur=None end=None text=None ch=' '
exp=0 line=15 cur=None end=None text=None ch=' '
exp=0 line=15 cur=None end=None text=None ch=' '
exp=0 line=15 cur=None end=None text=None ch='}'
----- Found command: '}'
exp=0 line=16 cur=None end=None text=None ch='\n'
exp=0 line=16 cur=None end=None text=None ch=' '
exp=0 line=16 cur=None end=None text=None ch=' '
exp=0 line=16 cur=None end=None text=None ch='}'
----- Found command: '}'
exp=0 line=17 cur=None end=None text=None ch='\n'
exp=0 line=17 cur=None end=None text=None ch='}'
----- Found command: '}'
exp=0 line=18 cur=None end=None text=None ch='\n'
exp=0 line=19 cur=None end=None text=None ch='\n'
----- Found command: '\n'
exp=0 line=20 cur=None end=None text=None ch='\n'
----- Found command: '\n'
exp=0 line=20 cur=None end=None text=None ch='/'
exp=0 line=20 cur=None end=None text=None ch='n'
exp=0 line=20 cur=None end=None text=None ch='o'
exp=0 line=20 cur=None end=None text=None ch=' '
exp=0 line=20 cur=None end=None text=None ch='a'
exp=0 line=20 cur=None end=None text=None ch='r'
exp=0 line=20 cur=None end=None text=None ch='g'
exp=0 line=20 cur=None end=None text=None ch='u'
exp=0 line=20 cur=None end=None text=None ch='m'
exp=0 line=20 cur=None end=None text=None ch='e'
exp=0 line=20 cur=None end=None text=None ch='n'
exp=0 line=20 cur=None end=None text=None ch='t'
exp=0 line=20 cur=None end=None text=None ch='s'
exp=0 line=20 cur=None end=None text=None ch='/'
exp=0 line=20 cur=None end=None text=None ch=' '
exp=0 line=20 cur=None end=None text=None ch='{'
exp=0 line=20 cur=None end=None text=None ch='savchar({)'
----- Found address 1: [type=2 number=0 step=0 regex=/no arguments/]
exp=0 line=20 cur=None end=None text=None ch='{'
----- Found command: '{'
exp=0 line=21 cur=None end=None text=None ch='\n'
exp=0 line=21 cur=None end=None text=None ch='='
----- Found command: '='
exp=0 line=22 cur=None end=None text=None ch='\n'
exp=0 line=22 cur=None end=None text=None ch='d'
----- Found command: 'd'
exp=0 line=22 cur=None end=None text=None ch=';'
exp=0 line=22 cur=None end=None text=None ch='D'
exp=0 line=22 cur=None end=None text=None ch='savchar(D)'
exp=0 line=22 cur=None end=None text=None ch='D'
----- Found command: 'D'
exp=0 line=23 cur=None end=None text=None ch='\n'
exp=0 line=23 cur=None end=None text=None ch='g'
----- Found command: 'g'
exp=0 line=23 cur=None end=None text=None ch=';'
exp=0 line=23 cur=None end=None text=None ch='G'
exp=0 line=23 cur=None end=None text=None ch='savchar(G)'
exp=0 line=23 cur=None end=None text=None ch='G'
----- Found command: 'G'
exp=0 line=24 cur=None end=None text=None ch='\n'
exp=0 line=24 cur=None end=None text=None ch='h'
----- Found command: 'h'
exp=0 line=24 cur=None end=None text=None ch=';'
exp=0 line=24 cur=None end=None text=None ch='H'
exp=0 line=24 cur=None end=None text=None ch='savchar(H)'
exp=0 line=24 cur=None end=None text=None ch='H'
----- Found command: 'H'
exp=0 line=25 cur=None end=None text=None ch='\n'
exp=0 line=25 cur=None end=None text=None ch='n'
----- Found command: 'n'
exp=0 line=25 cur=None end=None text=None ch=';'
exp=0 line=25 cur=None end=None text=None ch='N'
exp=0 line=25 cur=None end=None text=None ch='savchar(N)'
exp=0 line=25 cur=None end=None text=None ch='N'
----- Found command: 'N'
exp=0 line=26 cur=None end=None text=None ch='\n'
exp=0 line=26 cur=None end=None text=None ch='p'
----- Found command: 'p'
exp=0 line=26 cur=None end=None text=None ch=';'
exp=0 line=26 cur=None end=None text=None ch='P'
exp=0 line=26 cur=None end=None text=None ch='savchar(P)'
exp=0 line=26 cur=None end=None text=None ch='P'
----- Found command: 'P'
exp=0 line=27 cur=None end=None text=None ch='\n'
exp=0 line=27 cur=None end=None text=None ch='z'
----- Found command: 'z'
exp=0 line=28 cur=None end=None text=None ch='\n'
exp=0 line=28 cur=None end=None text=None ch='x'
----- Found command: 'x'
exp=0 line=29 cur=None end=None text=None ch='\n'
exp=0 line=29 cur=None end=None text=None ch='}'
----- Found command: '}'
exp=0 line=30 cur=None end=None text=None ch='\n'
exp=0 line=31 cur=None end=None text=None ch='\n'
----- Found command: '\n'
exp=0 line=31 cur=None end=None text=None ch='/'
exp=0 line=31 cur=None end=None text=None ch='o'
exp=0 line=31 cur=None end=None text=None ch='p'
exp=0 line=31 cur=None end=None text=None ch='t'
exp=0 line=31 cur=None end=None text=None ch='i'
exp=0 line=31 cur=None end=None text=None ch='o'
exp=0 line=31 cur=None end=None text=None ch='n'
exp=0 line=31 cur=None end=None text=None ch='a'
exp=0 line=31 cur=None end=None text=None ch='l'
exp=0 line=31 cur=None end=None text=None ch=' '
exp=0 line=31 cur=None end=None text=None ch='n'
exp=0 line=31 cur=None end=None text=None ch='u'
exp=0 line=31 cur=None end=None text=None ch='m'
exp=0 line=31 cur=None end=None text=None ch='e'
exp=0 line=31 cur=None end=None text=None ch='r'
exp=0 line=31 cur=None end=None text=None ch='i'
exp=0 line=31 cur=None end=None text=None ch='c'
exp=0 line=31 cur=None end=None text=None ch=' '
exp=0 line=31 cur=None end=None text=None ch='a'
exp=0 line=31 cur=None end=None text=None ch='r'
exp=0 line=31 cur=None end=None text=None ch='g'
exp=0 line=31 cur=None end=None text=None ch='u'
exp=0 line=31 cur=None end=None text=None ch='m'
exp=0 line=31 cur=None end=None text=None ch='e'
exp=0 line=31 cur=None end=None text=None ch='n'
exp=0 line=31 cur=None end=None text=None ch='t'
exp=0 line=31 cur=None end=None text=None ch='/'
exp=0 line=31 cur=None end=None text=None ch=' '
exp=0 line=31 cur=None end=None text=None ch='{'
exp=0 line=31 cur=None end=None text=None ch='savchar({)'
----- Found address 1: [type=2 number=0 step=0 regex=/optional numeric argument/]
exp=0 line=31 cur=None end=None text=None ch='{'
----- Found command: '{'
exp=0 line=32 cur=None end=None text=None ch='\n'
exp=0 line=32 cur=None end=None text=None ch='q'
----- Found command: 'q'
exp=0 line=32 cur=None end=None text=None ch=';'
int_arg: -1
exp=0 line=32 cur=None end=None text=None ch='savchar(;)'
exp=0 line=32 cur=None end=None text=None ch=';'
exp=0 line=32 cur=None end=None text=None ch='q'
exp=0 line=32 cur=None end=None text=None ch='savchar(q)'
exp=0 line=32 cur=None end=None text=None ch='q'
----- Found command: 'q'
exp=0 line=32 cur=None end=None text=None ch='1'
exp=0 line=33 cur=None end=None text=None ch='\n'
exp=0 line=33 cur=None end=None text=None ch='savchar(\n)'
exp=0 line=33 cur=None end=None text=None ch='\n'
exp=0 line=33 cur=None end=None text=None ch='savchar(\n)'
int_arg: 1
exp=0 line=33 cur=None end=None text=None ch='\n'
exp=0 line=33 cur=None end=None text=None ch='Q'
----- Found command: 'Q'
exp=0 line=33 cur=None end=None text=None ch=';'
int_arg: -1
exp=0 line=33 cur=None end=None text=None ch='savchar(;)'
exp=0 line=33 cur=None end=None text=None ch=';'
exp=0 line=33 cur=None end=None text=None ch='Q'
exp=0 line=33 cur=None end=None text=None ch='savchar(Q)'
exp=0 line=33 cur=None end=None text=None ch='Q'
----- Found command: 'Q'
exp=0 line=33 cur=None end=None text=None ch='2'
exp=0 line=34 cur=None end=None text=None ch='\n'
exp=0 line=34 cur=None end=None text=None ch='savchar(\n)'
exp=0 line=34 cur=None end=None text=None ch='\n'
exp=0 line=34 cur=None end=None text=None ch='savchar(\n)'
int_arg: 2
exp=0 line=34 cur=None end=None text=None ch='\n'
exp=0 line=34 cur=None end=None text=None ch='l'
----- Found command: 'l'
exp=0 line=34 cur=None end=None text=None ch=';'
int_arg: -1
exp=0 line=34 cur=None end=None text=None ch='savchar(;)'
exp=0 line=34 cur=None end=None text=None ch=';'
exp=0 line=34 cur=None end=None text=None ch='l'
exp=0 line=34 cur=None end=None text=None ch='savchar(l)'
exp=0 line=34 cur=None end=None text=None ch='l'
----- Found command: 'l'
exp=0 line=34 cur=None end=None text=None ch=' '
exp=0 line=34 cur=None end=None text=None ch='3'
exp=0 line=35 cur=None end=None text=None ch='\n'
exp=0 line=35 cur=None end=None text=None ch='savchar(\n)'
exp=0 line=35 cur=None end=None text=None ch='\n'
exp=0 line=35 cur=None end=None text=None ch='savchar(\n)'
int_arg: 3
exp=0 line=35 cur=None end=None text=None ch='\n'
exp=0 line=35 cur=None end=None text=None ch='L'
----- Found command: 'L'
exp=0 line=35 cur=None end=None text=None ch=';'
int_arg: -1
exp=0 line=35 cur=None end=None text=None ch='savchar(;)'
exp=0 line=35 cur=None end=None text=None ch=';'
exp=0 line=35 cur=None end=None text=None ch='L'
exp=0 line=35 cur=None end=None text=None ch='savchar(L)'
exp=0 line=35 cur=None end=None text=None ch='L'
----- Found command: 'L'
exp=0 line=35 cur=None end=None text=None ch=' '
exp=0 line=35 cur=None end=None text=None ch='4'
exp=0 line=36 cur=None end=None text=None ch='\n'
exp=0 line=36 cur=None end=None text=None ch='savchar(\n)'
exp=0 line=36 cur=None end=None text=None ch='\n'
exp=0 line=36 cur=None end=None text=None ch='savchar(\n)'
int_arg: 4
exp=0 line=36 cur=None end=None text=None ch='\n'
exp=0 line=36 cur=None end=None text=None ch='v'
----- Found command: 'v'
exp=0 line=36 cur=None end=None text=None ch=';'
exp=0 line=36 cur=None end=None text=None ch='v'
exp=0 line=36 cur=None end=None text=None ch='savchar(v)'
argument: 
exp=0 line=36 cur=None end=None text=None ch='v'
----- Found command: 'v'
exp=0 line=36 cur=None end=None text=None ch=' '
exp=0 line=36 cur=None end=None text=None ch='4'
exp=0 line=36 cur=None end=None text=None ch='.'
exp=0 line=36 cur=None end=None text=None ch='2'
exp=0 line=37 cur=None end=None text=None ch='\n'
argument: 4.2
exp=0 line=37 cur=None end=None text=None ch='}'
----- Found command: '}'
exp=0 line=38 cur=None end=None text=None ch='\n'
exp=0 line=39 cur=None end=None text=None ch='\n'
----- Found command: '\n'
exp=0 line=39 cur=None end=None text=None ch='/'
exp=0 line=39 cur=None end=None text=None ch='l'
exp=0 line=39 cur=None end=None text=None ch='a'
exp=0 line=39 cur=None end=None text=None ch='b'
exp=0 line=39 cur=None end=None text=None ch='e'
exp=0 line=39 cur=None end=None text=None ch='l'
exp=0 line=39 cur=None end=None text=None ch='s'
exp=0 line=39 cur=None end=None text=None ch='/'
exp=0 line=39 cur=None end=None text=None ch=' '
exp=0 line=39 cur=None end=None text=None ch='{'
exp=0 line=39 cur=None end=None text=None ch='savchar({)'
----- Found address 1: [type=2 number=0 step=0 regex=/labels/]
exp=0 line=39 cur=None end=None text=None ch='{'
----- Found command: '{'
exp=0 line=40 cur=None end=None text=None ch='\n'
exp=0 line=40 cur=None end=None text=None ch=':'
----- Found command: ':'
exp=0 line=40 cur=None end=None text=None ch='a'
exp=0 line=40 cur=None end=None text=None ch='b'
exp=0 line=40 cur=None end=None text=None ch='c'
exp=0 line=40 cur=None end=None text=None ch='1'
exp=0 line=41 cur=None end=None text=None ch='\n'
label: 'abc1'
exp=0 line=41 cur=None end=None text=None ch=':'
----- Found command: ':'
exp=0 line=41 cur=None end=None text=None ch='A'
exp=0 line=41 cur=None end=None text=None ch='B'
exp=0 line=41 cur=None end=None text=None ch='C'
exp=0 line=41 cur=None end=None text=None ch='2'
exp=0 line=41 cur=None end=None text=None ch=' '
exp=0 line=42 cur=None end=None text=None ch='\n'
label: 'ABC2'
exp=0 line=42 cur=None end=None text=None ch='b'
----- Found command: 'b'
exp=0 line=42 cur=None end=None text=None ch=' '
exp=0 line=42 cur=None end=None text=None ch='a'
exp=0 line=42 cur=None end=None text=None ch='b'
exp=0 line=42 cur=None end=None text=None ch='c'
exp=0 line=42 cur=None end=None text=None ch='1'
exp=0 line=42 cur=None end=None text=None ch=' '
exp=0 line=43 cur=None end=None text=None ch='\n'
label: 'abc1'
exp=0 line=43 cur=None end=None text=None ch='t'
----- Found command: 't'
exp=0 line=43 cur=None end=None text=None ch=' '
exp=0 line=43 cur=None end=None text=None ch='A'
exp=0 line=43 cur=None end=None text=None ch='B'
exp=0 line=43 cur=None end=None text=None ch='C'
exp=0 line=43 cur=None end=None text=None ch='2'
exp=0 line=44 cur=None end=None text=None ch='\n'
label: 'ABC2'
exp=0 line=44 cur=None end=None text=None ch='T'
----- Found command: 'T'
exp=0 line=44 cur=None end=None text=None ch=' '
exp=0 line=44 cur=None end=None text=None ch='a'
exp=0 line=44 cur=None end=None text=None ch='b'
exp=0 line=44 cur=None end=None text=None ch='c'
exp=0 line=44 cur=None end=None text=None ch='1'
exp=0 line=45 cur=None end=None text=None ch='\n'
label: 'abc1'
exp=0 line=45 cur=None end=None text=None ch='b'
----- Found command: 'b'
exp=0 line=45 cur=None end=None text=None ch=' '
exp=0 line=46 cur=None end=None text=None ch='\n'
label: ''
exp=0 line=46 cur=None end=None text=None ch='t'
----- Found command: 't'
exp=0 line=47 cur=None end=None text=None ch='\n'
label: ''
exp=0 line=47 cur=None end=None text=None ch='T'
----- Found command: 'T'
exp=0 line=48 cur=None end=None text=None ch='\n'
label: ''
exp=0 line=48 cur=None end=None text=None ch='}'
----- Found command: '}'
exp=0 line=49 cur=None end=None text=None ch='\n'
exp=0 line=50 cur=None end=None text=None ch='\n'
----- Found command: '\n'
exp=0 line=50 cur=None end=None text=None ch='/'
exp=0 line=50 cur=None end=None text=None ch='f'
exp=0 line=50 cur=None end=None text=None ch='i'
exp=0 line=50 cur=None end=None text=None ch='l'
exp=0 line=50 cur=None end=None text=None ch='e'
exp=0 line=50 cur=None end=None text=None ch='s'
exp=0 line=50 cur=None end=None text=None ch='/'
exp=0 line=50 cur=None end=None text=None ch=' '
exp=0 line=50 cur=None end=None text=None ch='{'
exp=0 line=50 cur=None end=None text=None ch='savchar({)'
----- Found address 1: [type=2 number=0 step=0 regex=/files/]
exp=0 line=50 cur=None end=None text=None ch='{'
----- Found command: '{'
exp=0 line=51 cur=None end=None text=None ch='\n'
exp=0 line=51 cur=None end=None text=None ch='r'
----- Found command: 'r'
exp=0 line=51 cur=None end=None text=None ch=' '
exp=0 line=51 cur=None end=None text=None ch='f'
exp=0 line=51 cur=None end=None text=None ch='i'
exp=0 line=51 cur=None end=None text=None ch='l'
exp=0 line=51 cur=None end=None text=None ch='e'
exp=0 line=51 cur=None end=None text=None ch='r'
exp=0 line=52 cur=None end=None text=None ch='\n'
filename: 'filer'
exp=0 line=52 cur=None end=None text=None ch='R'
----- Found command: 'R'
exp=0 line=52 cur=None end=None text=None ch=' '
exp=0 line=52 cur=None end=None text=None ch='f'
exp=0 line=52 cur=None end=None text=None ch='i'
exp=0 line=52 cur=None end=None text=None ch='l'
exp=0 line=52 cur=None end=None text=None ch='e'
exp=0 line=52 cur=None end=None text=None ch='R'
exp=0 line=53 cur=None end=None text=None ch='\n'
filename: 'fileR'
exp=0 line=53 cur=None end=None text=None ch='w'
----- Found command: 'w'
exp=0 line=53 cur=None end=None text=None ch=' '
exp=0 line=53 cur=None end=None text=None ch='f'
exp=0 line=53 cur=None end=None text=None ch='i'
exp=0 line=53 cur=None end=None text=None ch='l'
exp=0 line=53 cur=None end=None text=None ch='e'
exp=0 line=53 cur=None end=None text=None ch='w'
exp=0 line=54 cur=None end=None text=None ch='\n'
filename: 'filew'
exp=0 line=54 cur=None end=None text=None ch='W'
----- Found command: 'W'
exp=0 line=54 cur=None end=None text=None ch=' '
exp=0 line=54 cur=None end=None text=None ch='f'
exp=0 line=54 cur=None end=None text=None ch='i'
exp=0 line=54 cur=None end=None text=None ch='l'
exp=0 line=54 cur=None end=None text=None ch='e'
exp=0 line=54 cur=None end=None text=None ch='W'
exp=0 line=55 cur=None end=None text=None ch='\n'
filename: 'fileW'
exp=0 line=55 cur=None end=None text=None ch='s'
----- Found command: 's'
exp=0 line=55 cur=None end=None text=None ch='/'
exp=0 line=55 cur=None end=None text=None ch='f'
exp=0 line=55 cur=None end=None text=None ch='o'
exp=0 line=55 cur=None end=None text=None ch='o'
exp=0 line=55 cur=None end=None text=None ch='/'
s pattern: 'foo'
exp=0 line=55 cur=None end=None text=None ch='b'
exp=0 line=55 cur=None end=None text=None ch='a'
exp=0 line=55 cur=None end=None text=None ch='r'
exp=0 line=55 cur=None end=None text=None ch='/'
s replacement: 'bar'
exp=0 line=55 cur=None end=None text=None ch='g'
s flag candidate: 'g'
exp=0 line=55 cur=None end=None text=None ch='w'
s flag candidate: 'w'
exp=0 line=55 cur=None end=None text=None ch=' '
exp=0 line=55 cur=None end=None text=None ch='f'
exp=0 line=55 cur=None end=None text=None ch='i'
exp=0 line=55 cur=None end=None text=None ch='l'
exp=0 line=55 cur=None end=None text=None ch='e'
exp=0 line=55 cur=None end=None text=None ch='s'
exp=0 line=55 cur=None end=None text=None ch='w'
exp=0 line=56 cur=None end=None text=None ch='\n'
s flag filename: 'filesw'
s flags: 'gw filesw'
exp=0 line=56 cur=None end=None text=None ch='}'
----- Found command: '}'
exp=0 line=57 cur=None end=None text=None ch='\n'
exp=0 line=58 cur=None end=None text=None ch='\n'
----- Found command: '\n'
exp=0 line=58 cur=None end=None text=None ch='/'
exp=0 line=58 cur=None end=None text=None ch='a'
exp=0 line=58 cur=None end=None text=None ch='i'
exp=0 line=58 cur=None end=None text=None ch='c'
exp=0 line=58 cur=None end=None text=None ch='/'
exp=0 line=58 cur=None end=None text=None ch=' '
exp=0 line=58 cur=None end=None text=None ch='{'
exp=0 line=58 cur=None end=None text=None ch='savchar({)'
----- Found address 1: [type=2 number=0 step=0 regex=/aic/]
exp=0 line=58 cur=None end=None text=None ch='{'
----- Found command: '{'
exp=0 line=59 cur=None end=None text=None ch='\n'
exp=0 line=59 cur=None end=None text=None ch='a'
----- Found command: 'a'
exp=0 line=59 cur=None end=None text=None ch=' '
exp=0 line=59 cur=None end=None text=None ch='\\'
exp=0 line=60 cur=None end=None text=None ch='\n'
exp=0 line=60 cur=None end=None text=None ch='t'
exp=0 line=60 cur=None end=None text=None ch='e'
exp=0 line=60 cur=None end=None text=None ch='x'
exp=0 line=60 cur=None end=None text=None ch='t'
exp=0 line=60 cur=None end=None text=None ch='_'
exp=0 line=60 cur=None end=None text=None ch='a'
exp=0 line=61 cur=None end=None text=None ch='\n'
text: 'text_a'
exp=0 line=61 cur=None end=None text=None ch='i'
----- Found command: 'i'
exp=0 line=61 cur=None end=None text=None ch='\\'
exp=0 line=62 cur=None end=None text=None ch='\n'
exp=0 line=62 cur=None end=None text=None ch='t'
exp=0 line=62 cur=None end=None text=None ch='e'
exp=0 line=62 cur=None end=None text=None ch='x'
exp=0 line=62 cur=None end=None text=None ch='t'
exp=0 line=62 cur=None end=None text=None ch='_'
exp=0 line=62 cur=None end=None text=None ch='i'
exp=0 line=62 cur=None end=None text=None ch='1'
exp=0 line=62 cur=None end=None text=None ch='\\'
exp=0 line=63 cur=None end=None text=None ch='\n'
exp=0 line=63 cur=None end=None text=None ch='t'
exp=0 line=63 cur=None end=None text=None ch='e'
exp=0 line=63 cur=None end=None text=None ch='x'
exp=0 line=63 cur=None end=None text=None ch='t'
exp=0 line=63 cur=None end=None text=None ch='_'
exp=0 line=63 cur=None end=None text=None ch='i'
exp=0 line=63 cur=None end=None text=None ch='2'
exp=0 line=63 cur=None end=None text=None ch='\\'
exp=0 line=64 cur=None end=None text=None ch='\n'
exp=0 line=65 cur=None end=None text=None ch='\n'
text: 'text_i1\\\ntext_i2\\\n'
exp=0 line=65 cur=None end=None text=None ch='p'
----- Found command: 'p'
exp=0 line=66 cur=None end=None text=None ch='\n'
exp=0 line=66 cur=None end=None text=None ch='c'
----- Found command: 'c'
exp=0 line=66 cur=None end=None text=None ch='\\'
exp=0 line=67 cur=None end=None text=None ch='\n'
exp=0 line=67 cur=None end=None text=None ch='t'
exp=0 line=67 cur=None end=None text=None ch='e'
exp=0 line=67 cur=None end=None text=None ch='x'
exp=0 line=67 cur=None end=None text=None ch='t'
exp=0 line=67 cur=None end=None text=None ch='_'
exp=0 line=67 cur=None end=None text=None ch='c'
exp=0 line=67 cur=None end=None text=None ch='1'
exp=0 line=67 cur=None end=None text=None ch='\\'
exp=0 line=68 cur=None end=None text=None ch='\n'
exp=0 line=68 cur=None end=None text=None ch='t'
exp=0 line=68 cur=None end=None text=None ch='e'
exp=0 line=68 cur=None end=None text=None ch='x'
exp=0 line=68 cur=None end=None text=None ch='t'
exp=0 line=68 cur=None end=None text=None ch='_'
exp=0 line=68 cur=None end=None text=None ch='c'
exp=0 line=68 cur=None end=None text=None ch='2'
exp=0 line=68 cur=None end=None text=None ch=' '
exp=0 line=68 cur=None end=None text=None ch='\\'
exp=0 line=69 cur=None end=None text=None ch='\n'
exp=0 line=69 cur=None end=None text=None ch='t'
exp=0 line=69 cur=None end=None text=None ch='e'
exp=0 line=69 cur=None end=None text=None ch='x'
exp=0 line=69 cur=None end=None text=None ch='t'
exp=0 line=69 cur=None end=None text=None ch='_'
exp=0 line=69 cur=None end=None text=None ch='c'
exp=0 line=69 cur=None end=None text=None ch='3'
exp=0 line=69 cur=None end=None text=None ch=' '
exp=0 line=69 cur=None end=None text=None ch=' '
exp=0 line=70 cur=None end=None text=None ch='\n'
text: 'text_c1\\\ntext_c2 \\\ntext_c3  '
exp=0 line=70 cur=None end=None text=None ch='}'
----- Found command: '}'
exp=0 line=71 cur=None end=None text=None ch='\n'
exp=0 line=72 cur=None end=None text=None ch='\n'
----- Found command: '\n'
exp=0 line=72 cur=None end=None text=None ch='/'
exp=0 line=72 cur=None end=None text=None ch='e'
exp=0 line=72 cur=None end=None text=None ch='x'
exp=0 line=72 cur=None end=None text=None ch='t'
exp=0 line=72 cur=None end=None text=None ch='r'
exp=0 line=72 cur=None end=None text=None ch='a'
exp=0 line=72 cur=None end=None text=None ch=' '
exp=0 line=72 cur=None end=None text=None ch='u'
exp=0 line=72 cur=None end=None text=None ch='s'
exp=0 line=72 cur=None end=None text=None ch='e'
exp=0 line=72 cur=None end=None text=None ch='l'
exp=0 line=72 cur=None end=None text=None ch='e'
exp=0 line=72 cur=None end=None text=None ch='s'
exp=0 line=72 cur=None end=None text=None ch='s'
exp=0 line=72 cur=None end=None text=None ch=' '
exp=0 line=72 cur=None end=None text=None ch=';'
exp=0 line=72 cur=None end=None text=None ch='/'
exp=0 line=72 cur=None end=None text=None ch=' '
exp=0 line=72 cur=None end=None text=None ch='{'
exp=0 line=72 cur=None end=None text=None ch='savchar({)'
----- Found address 1: [type=2 number=0 step=0 regex=/extra useless ;/]
exp=0 line=72 cur=None end=None text=None ch='{'
----- Found command: '{'
exp=0 line=72 cur=None end=None text=None ch=' '
exp=0 line=72 cur=None end=None text=None ch=';'
exp=0 line=72 cur=None end=None text=None ch=' '
exp=0 line=73 cur=None end=None text=None ch='\n'
exp=0 line=73 cur=None end=None text=None ch='p'
----- Found command: 'p'
exp=0 line=73 cur=None end=None text=None ch=';'
exp=0 line=74 cur=None end=None text=None ch='\n'
exp=0 line=74 cur=None end=None text=None ch='p'
----- Found command: 'p'
exp=0 line=74 cur=None end=None text=None ch=' '
exp=0 line=74 cur=None end=None text=None ch=';'
exp=0 line=75 cur=None end=None text=None ch='\n'
exp=0 line=75 cur=None end=None text=None ch='p'
----- Found command: 'p'
exp=0 line=75 cur=None end=None text=None ch=';'
exp=0 line=75 cur=None end=None text=None ch=' '
exp=0 line=76 cur=None end=None text=None ch='\n'
exp=0 line=76 cur=None end=None text=None ch='p'
----- Found command: 'p'
exp=0 line=76 cur=None end=None text=None ch=' '
exp=0 line=76 cur=None end=None text=None ch=';'
exp=0 line=76 cur=None end=None text=None ch=' '
exp=0 line=77 cur=None end=None text=None ch='\n'
exp=0 line=77 cur=None end=None text=None ch='p'
----- Found command: 'p'
exp=0 line=77 cur=None end=None text=None ch=';'
exp=0 line=77 cur=None end=None text=None ch=';'
exp=0 line=77 cur=None end=None text=None ch=';'
exp=0 line=77 cur=None end=None text=None ch=';'
exp=0 line=78 cur=None end=None text=None ch='\n'
exp=0 line=78 cur=None end=None text=None ch='p'
----- Found command: 'p'
exp=0 line=78 cur=None end=None text=None ch=' '
exp=0 line=78 cur=None end=None text=None ch=';'
exp=0 line=78 cur=None end=None text=None ch=' '
exp=0 line=78 cur=None end=None text=None ch=';'
exp=0 line=78 cur=None end=None text=None ch=' '
exp=0 line=78 cur=None end=None text=None ch=';'
exp=0 line=78 cur=None end=None text=None ch=' '
exp=0 line=78 cur=None end=None text=None ch=';'
exp=0 line=78 cur=None end=None text=None ch=' '
exp=0 line=79 cur=None end=None text=None ch='\n'
exp=0 line=79 cur=None end=None text=None ch='s'
----- Found command: 's'
exp=0 line=79 cur=None end=None text=None ch='/'
exp=0 line=79 cur=None end=None text=None ch='a'
exp=0 line=79 cur=None end=None text=None ch='/'
s pattern: 'a'
exp=0 line=79 cur=None end=None text=None ch='b'
exp=0 line=79 cur=None end=None text=None ch='/'
s replacement: 'b'
exp=0 line=79 cur=None end=None text=None ch='g'
s flag candidate: 'g'
exp=0 line=79 cur=None end=None text=None ch=';'
s flag candidate: ';'
exp=0 line=80 cur=None end=None text=None ch='\n'
s flags: 'g'
exp=0 line=80 cur=None end=None text=None ch='s'
----- Found command: 's'
exp=0 line=80 cur=None end=None text=None ch='/'
exp=0 line=80 cur=None end=None text=None ch='a'
exp=0 line=80 cur=None end=None text=None ch='/'
s pattern: 'a'
exp=0 line=80 cur=None end=None text=None ch='b'
exp=0 line=80 cur=None end=None text=None ch='/'
s replacement: 'b'
exp=0 line=80 cur=None end=None text=None ch='g'
s flag candidate: 'g'
exp=0 line=80 cur=None end=None text=None ch=' '
exp=0 line=80 cur=None end=None text=None ch=';'
s flag candidate: ';'
exp=0 line=81 cur=None end=None text=None ch='\n'
s flags: 'g'
exp=0 line=81 cur=None end=None text=None ch='s'
----- Found command: 's'
exp=0 line=81 cur=None end=None text=None ch='/'
exp=0 line=81 cur=None end=None text=None ch='a'
exp=0 line=81 cur=None end=None text=None ch='/'
s pattern: 'a'
exp=0 line=81 cur=None end=None text=None ch='b'
exp=0 line=81 cur=None end=None text=None ch='/'
s replacement: 'b'
exp=0 line=81 cur=None end=None text=None ch='g'
s flag candidate: 'g'
exp=0 line=81 cur=None end=None text=None ch=';'
s flag candidate: ';'
exp=0 line=81 cur=None end=None text=None ch=' '
exp=0 line=82 cur=None end=None text=None ch='\n'
s flags: 'g'
exp=0 line=82 cur=None end=None text=None ch='s'
----- Found command: 's'
exp=0 line=82 cur=None end=None text=None ch='/'
exp=0 line=82 cur=None end=None text=None ch='a'
exp=0 line=82 cur=None end=None text=None ch='/'
s pattern: 'a'
exp=0 line=82 cur=None end=None text=None ch='b'
exp=0 line=82 cur=None end=None text=None ch='/'
s replacement: 'b'
exp=0 line=82 cur=None end=None text=None ch='g'
s flag candidate: 'g'
exp=0 line=82 cur=None end=None text=None ch=' '
exp=0 line=82 cur=None end=None text=None ch=';'
s flag candidate: ';'
exp=0 line=82 cur=None end=None text=None ch=' '
exp=0 line=83 cur=None end=None text=None ch='\n'
s flags: 'g'
exp=0 line=83 cur=None end=None text=None ch='r'
----- Found command: 'r'
exp=0 line=83 cur=None end=None text=None ch=' '
exp=0 line=83 cur=None end=None text=None ch='f'
exp=0 line=83 cur=None end=None text=None ch='o'
exp=0 line=83 cur=None end=None text=None ch='o'
exp=0 line=83 cur=None end=None text=None ch=';'
exp=0 line=84 cur=None end=None text=None ch='\n'
filename: 'foo;'
exp=0 line=84 cur=None end=None text=None ch='s'
----- Found command: 's'
exp=0 line=84 cur=None end=None text=None ch='/'
exp=0 line=84 cur=None end=None text=None ch='a'
exp=0 line=84 cur=None end=None text=None ch='/'
s pattern: 'a'
exp=0 line=84 cur=None end=None text=None ch='b'
exp=0 line=84 cur=None end=None text=None ch='/'
s replacement: 'b'
exp=0 line=84 cur=None end=None text=None ch='w'
s flag candidate: 'w'
exp=0 line=84 cur=None end=None text=None ch=' '
exp=0 line=84 cur=None end=None text=None ch='f'
exp=0 line=84 cur=None end=None text=None ch='i'
exp=0 line=84 cur=None end=None text=None ch='l'
exp=0 line=84 cur=None end=None text=None ch='e'
exp=0 line=84 cur=None end=None text=None ch='s'
exp=0 line=84 cur=None end=None text=None ch='w'
exp=0 line=84 cur=None end=None text=None ch=';'
exp=0 line=85 cur=None end=None text=None ch='\n'
s flag filename: 'filesw;'
s flags: 'w filesw;'
exp=0 line=85 cur=None end=None text=None ch=':'
----- Found command: ':'
exp=0 line=85 cur=None end=None text=None ch='f'
exp=0 line=85 cur=None end=None text=None ch='o'
exp=0 line=85 cur=None end=None text=None ch='o'
exp=0 line=85 cur=None end=None text=None ch=';'
exp=0 line=86 cur=None end=None text=None ch='\n'
label: 'foo'
exp=0 line=86 cur=None end=None text=None ch=':'
----- Found command: ':'
exp=0 line=86 cur=None end=None text=None ch='f'
exp=0 line=86 cur=None end=None text=None ch='o'
exp=0 line=86 cur=None end=None text=None ch='o'
exp=0 line=86 cur=None end=None text=None ch=' '
exp=0 line=86 cur=None end=None text=None ch=';'
exp=0 line=87 cur=None end=None text=None ch='\n'
label: 'foo'
exp=0 line=87 cur=None end=None text=None ch=':'
----- Found command: ':'
exp=0 line=87 cur=None end=None text=None ch='f'
exp=0 line=87 cur=None end=None text=None ch='o'
exp=0 line=87 cur=None end=None text=None ch='o'
exp=0 line=87 cur=None end=None text=None ch=' '
exp=0 line=87 cur=None end=None text=None ch=';'
exp=0 line=87 cur=None end=None text=None ch=' '
exp=0 line=88 cur=None end=None text=None ch='\n'
label: 'foo'
exp=0 line=88 cur=None end=None text=None ch='b'
----- Found command: 'b'
exp=0 line=88 cur=None end=None text=None ch=' '
exp=0 line=88 cur=None end=None text=None ch='f'
exp=0 line=88 cur=None end=None text=None ch='o'
exp=0 line=88 cur=None end=None text=None ch='o'
exp=0 line=88 cur=None end=None text=None ch=';'
exp=0 line=89 cur=None end=None text=None ch='\n'
label: 'foo'
exp=0 line=89 cur=None end=None text=None ch='b'
----- Found command: 'b'
exp=0 line=89 cur=None end=None text=None ch=' '
exp=0 line=89 cur=None end=None text=None ch='f'
exp=0 line=89 cur=None end=None text=None ch='o'
exp=0 line=89 cur=None end=None text=None ch='o'
exp=0 line=89 cur=None end=None text=None ch=' '
exp=0 line=89 cur=None end=None text=None ch=';'
exp=0 line=90 cur=None end=None text=None ch='\n'
label: 'foo'
exp=0 line=90 cur=None end=None text=None ch='b'
----- Found command: 'b'
exp=0 line=90 cur=None end=None text=None ch=' '
exp=0 line=90 cur=None end=None text=None ch='f'
exp=0 line=90 cur=None end=None text=None ch='o'
exp=0 line=90 cur=None end=None text=None ch='o'
exp=0 line=90 cur=None end=None text=None ch=' '
exp=0 line=90 cur=None end=None text=None ch=';'
exp=0 line=90 cur=None end=None text=None ch=' '
exp=0 line=91 cur=None end=None text=None ch='\n'
label: 'foo'
exp=0 line=91 cur=None end=None text=None ch='b'
----- Found command: 'b'
exp=0 line=91 cur=None end=None text=None ch=';'
exp=0 line=92 cur=None end=None text=None ch='\n'
label: ''
exp=0 line=92 cur=None end=None text=None ch='b'
----- Found command: 'b'
exp=0 line=92 cur=None end=None text=None ch=' '
exp=0 line=92 cur=None end=None text=None ch=';'
exp=0 line=93 cur=None end=None text=None ch='\n'
label: ''
exp=0 line=93 cur=None end=None text=None ch='b'
----- Found command: 'b'
exp=0 line=93 cur=None end=None text=None ch=';'
exp=0 line=93 cur=None end=None text=None ch=' '
exp=0 line=94 cur=None end=None text=None ch='\n'
label: ''
exp=0 line=94 cur=None end=None text=None ch='b'
----- Found command: 'b'
exp=0 line=94 cur=None end=None text=None ch=' '
exp=0 line=94 cur=None end=None text=None ch=';'
exp=0 line=94 cur=None end=None text=None ch=' '
exp=0 line=95 cur=None end=None text=None ch='\n'
label: ''
exp=0 line=95 cur=None end=None text=None ch='q'
----- Found command: 'q'
exp=0 line=95 cur=None end=None text=None ch='1'
exp=0 line=95 cur=None end=None text=None ch=';'
exp=0 line=95 cur=None end=None text=None ch='savchar(;)'
exp=0 line=95 cur=None end=None text=None ch=';'
exp=0 line=95 cur=None end=None text=None ch='savchar(;)'
int_arg: 1
exp=0 line=95 cur=None end=None text=None ch=';'
exp=0 line=96 cur=None end=None text=None ch='\n'
exp=0 line=96 cur=None end=None text=None ch='q'
----- Found command: 'q'
exp=0 line=96 cur=None end=None text=None ch='1'
exp=0 line=96 cur=None end=None text=None ch=' '
exp=0 line=96 cur=None end=None text=None ch='savchar( )'
exp=0 line=96 cur=None end=None text=None ch=' '
exp=0 line=96 cur=None end=None text=None ch='savchar( )'
int_arg: 1
exp=0 line=96 cur=None end=None text=None ch=' '
exp=0 line=96 cur=None end=None text=None ch=';'
exp=0 line=97 cur=None end=None text=None ch='\n'
exp=0 line=97 cur=None end=None text=None ch='q'
----- Found command: 'q'
exp=0 line=97 cur=None end=None text=None ch='1'
exp=0 line=97 cur=None end=None text=None ch=';'
exp=0 line=97 cur=None end=None text=None ch='savchar(;)'
exp=0 line=97 cur=None end=None text=None ch=';'
exp=0 line=97 cur=None end=None text=None ch='savchar(;)'
int_arg: 1
exp=0 line=97 cur=None end=None text=None ch=';'
exp=0 line=97 cur=None end=None text=None ch=' '
exp=0 line=98 cur=None end=None text=None ch='\n'
exp=0 line=98 cur=None end=None text=None ch='q'
----- Found command: 'q'
exp=0 line=98 cur=None end=None text=None ch='1'
exp=0 line=98 cur=None end=None text=None ch=' '
exp=0 line=98 cur=None end=None text=None ch='savchar( )'
exp=0 line=98 cur=None end=None text=None ch=' '
exp=0 line=98 cur=None end=None text=None ch='savchar( )'
int_arg: 1
exp=0 line=98 cur=None end=None text=None ch=' '
exp=0 line=98 cur=None end=None text=None ch=';'
exp=0 line=98 cur=None end=None text=None ch=' '
exp=0 line=99 cur=None end=None text=None ch='\n'
exp=0 line=99 cur=None end=None text=None ch='}'
----- Found command: '}'
exp=0 line=99 cur=None end=None text=None ch=' '
exp=0 line=99 cur=None end=None text=None ch=';'
exp=0 line=99 cur=None end=None text=None ch=' '
exp=0 line=100 cur=None end=None text=None ch='\n'
exp=0 line=101 cur=None end=None text=None ch='\n'
----- Found command: '\n'
exp=0 line=101 cur=None end=None text=None ch='e'
----- Found command: 'e'
exp=0 line=101 cur=None end=None text=None ch=' '
exp=0 line=101 cur=None end=None text=None ch='d'
exp=0 line=101 cur=None end=None text=None ch='a'
exp=0 line=101 cur=None end=None text=None ch='t'
exp=0 line=101 cur=None end=None text=None ch='e'
exp=0 line=102 cur=None end=None text=None ch='\n'
argument: date
exp=0 line=102 cur=None end=None text=None ch='s'
----- Found command: 's'
exp=0 line=102 cur=None end=None text=None ch='/'
exp=0 line=102 cur=None end=None text=None ch='f'
exp=0 line=102 cur=None end=None text=None ch='o'
exp=0 line=102 cur=None end=None text=None ch='o'
exp=0 line=102 cur=None end=None text=None ch='/'
s pattern: 'foo'
exp=0 line=102 cur=None end=None text=None ch='b'
exp=0 line=102 cur=None end=None text=None ch='a'
exp=0 line=102 cur=None end=None text=None ch='r'
exp=0 line=102 cur=None end=None text=None ch='/'
s replacement: 'bar'
exp=0 line=102 cur=None end=None text=None ch='g'
s flag candidate: 'g'
exp=0 line=102 cur=None end=None text=None ch='p'
s flag candidate: 'p'
exp=0 line=102 cur=None end=None text=None ch='w'
s flag candidate: 'w'
exp=0 line=102 cur=None end=None text=None ch=' '
exp=0 line=102 cur=None end=None text=None ch='f'
exp=0 line=102 cur=None end=None text=None ch='i'
exp=0 line=102 cur=None end=None text=None ch='l'
exp=0 line=102 cur=None end=None text=None ch='e'
exp=0 line=102 cur=None end=None text=None ch='s'
exp=0 line=102 cur=None end=None text=None ch='w'
exp=0 line=103 cur=None end=None text=None ch='\n'
s flag filename: 'filesw'
s flags: 'gpw filesw'
exp=0 line=103 cur=None end=None text=None ch='s'
----- Found command: 's'
exp=0 line=103 cur=None end=None text=None ch=';'
exp=0 line=103 cur=None end=None text=None ch='\\'
exp=0 line=103 cur=None end=None text=None ch='n'
exp=0 line=103 cur=None end=None text=None ch='\\'
exp=0 line=103 cur=None end=None text=None ch=';'
exp=0 line=103 cur=None end=None text=None ch='\\'
exp=0 line=103 cur=None end=None text=None ch='n'
exp=0 line=103 cur=None end=None text=None ch=';'
s pattern: '\\n\\;\\n'
exp=0 line=103 cur=None end=None text=None ch='\\'
exp=0 line=103 cur=None end=None text=None ch='n'
exp=0 line=103 cur=None end=None text=None ch=';'
s replacement: '\\n'
exp=0 line=103 cur=None end=None text=None ch='3'
s flag candidate: '3'
exp=0 line=104 cur=None end=None text=None ch='\n'
exp=0 line=104 cur=None end=None text=None ch='savchar(\n)'
exp=0 line=104 cur=None end=None text=None ch='\n'
s flag candidate: '\n'
s flags: '3'
exp=0 line=104 cur=None end=None text=None ch='y'
----- Found command: 'y'
exp=0 line=104 cur=None end=None text=None ch='/'
exp=0 line=104 cur=None end=None text=None ch='A'
exp=0 line=104 cur=None end=None text=None ch='/'
y pattern: 'A'
exp=0 line=104 cur=None end=None text=None ch='B'
exp=0 line=104 cur=None end=None text=None ch='/'
y replacement: 'B'
exp=0 line=105 cur=None end=None text=None ch='\n'
exp=0 line=105 cur=None end=None text=None ch='y'
----- Found command: 'y'
exp=0 line=105 cur=None end=None text=None ch='.'
exp=0 line=105 cur=None end=None text=None ch='a'
exp=0 line=105 cur=None end=None text=None ch='.'
y pattern: 'a'
exp=0 line=105 cur=None end=None text=None ch='b'
exp=0 line=105 cur=None end=None text=None ch='.'
y replacement: 'b'
exp=0 line=106 cur=None end=None text=None ch='\n'
exp=0 line=106 cur=None end=None text=None ch='#'
----- Found command: '#'
exp=0 line=106 cur=None end=None text=None ch='c'
exp=0 line=106 cur=None end=None text=None ch='o'
exp=0 line=106 cur=None end=None text=None ch='m'
exp=0 line=106 cur=None end=None text=None ch='m'
exp=0 line=106 cur=None end=None text=None ch='e'
exp=0 line=106 cur=None end=None text=None ch='n'
exp=0 line=106 cur=None end=None text=None ch='t'
exp=0 line=107 cur=None end=None text=None ch='\n'
comment: 'comment'
exp=0 line=107 cur=None end=None text=None ch='#'
----- Found command: '#'
exp=0 line=107 cur=None end=None text=None ch=' '
exp=0 line=107 cur=None end=None text=None ch=' '
exp=0 line=107 cur=None end=None text=None ch=' '
exp=0 line=107 cur=None end=None text=None ch=' '
exp=0 line=107 cur=None end=None text=None ch='i'
exp=0 line=107 cur=None end=None text=None ch='n'
exp=0 line=107 cur=None end=None text=None ch='d'
exp=0 line=107 cur=None end=None text=None ch='e'
exp=0 line=107 cur=None end=None text=None ch='n'
exp=0 line=107 cur=None end=None text=None ch='t'
exp=0 line=107 cur=None end=None text=None ch='e'
exp=0 line=107 cur=None end=None text=None ch='d'
exp=0 line=108 cur=None end=None text=None ch='\n'
comment: '    indented'
exp=0 line=108 cur=None end=None text=None ch='<EOF>'
#n
# IMPORTANT: This file has significant trailing spaces, do not remove them!
5 !H
1,5 g
/xxx/I G
2,/xxx/ x
\|pipe\n\|\n|,\ space  x
$ h

1,$ {
    // {
        x
        $ !{
            d
        }
    }
}


/no arguments/ {
    =
    d
    D
    g
    G
    h
    H
    n
    N
    p
    P
    z
    x
}

/optional numeric argument/ {
    q
    q 1
    Q
    Q 2
    l
    l 3
    L
    L 4
    v
    v 4.2
}

/labels/ {
    :abc1
    :ABC2
    b abc1
    t ABC2
    T abc1
    b
    t
    T
}

/files/ {
    r filer
    R fileR
    w filew
    W fileW
    s/foo/bar/gw filesw
}

/aic/ {
    a\
text_a
    i\
text_i1\
text_i2\

    p
    c\
text_c1\
text_c2 \
text_c3  
}

/extra useless ;/ {
    p
    p
    p
    p
    p
    p
    s/a/b/g
    s/a/b/g
    s/a/b/g
    s/a/b/g
    r foo;
    s/a/b/w filesw;
    :foo
    :foo
    :foo
    b foo
    b foo
    b foo
    b
    b
    b
    b
    q 1
    q 1
    q 1
    q 1
}

e date
s/foo/bar/gpw filesw
s;\n\;\n;\n;3
y/A/B/
y.a.b.
#comment
#    indented
